<?xml version="1.0" encoding="UTF-8"?>
<!-- Generated by org.testng.reporters.JUnitXMLReporter -->
<testsuite ignored="0" hostname="LAPTOP-3FK53I8J" failures="0" tests="6" name="Command line test" time="0.066" errors="0" timestamp="2020-04-26T14:49:26 IST">
  <testcase classname="malagiacademy.AppiumTest" name="androidApps" time="0.015"/>
  <testcase classname="malagiacademy.AppiumTest" name="iosApps" time="0.0"/>
  <testcase classname="malagiacademy.RESTAPITest" name="deletefb" time="0.0"/>
  <testcase classname="malagiacademy.RESTAPITest" name="postBugzilla" time="0.0"/>
  <testcase classname="malagiacademy.SeleniumTest" name="browserAuto" time="0.0"/>
  <testcase classname="malagiacademy.SeleniumTest" name="elementsUI" time="0.0"/>
</testsuite> <!-- Command line test -->
