<?xml version="1.0" encoding="UTF-8"?>
<!-- Generated by org.testng.reporters.JUnitXMLReporter -->
<testsuite ignored="0" hostname="LAPTOP-3FK53I8J" failures="0" tests="4" name="Test" time="0.053" errors="0" timestamp="2020-04-26T12:44:54 IST">
  <testcase classname="malagiacademy.SeleniumTest" name="browserAuto" time="0.013"/>
  <testcase classname="malagiacademy.SeleniumTest" name="elementsUI" time="0.0"/>
  <testcase classname="malagiacademy.RESTAPITest" name="deletefb" time="0.0"/>
  <testcase classname="malagiacademy.RESTAPITest" name="postBugzilla" time="0.0"/>
</testsuite> <!-- Test -->
